<?xml version="1.0" encoding="UTF-8"?>
<testsuite xmlns:xsi="http://www.w3.org/2001/XMLSchema-instance" xsi:noNamespaceSchemaLocation="https://maven.apache.org/surefire/maven-surefire-plugin/xsd/surefire-test-report.xsd" version="3.0.2" name="nl.engie.allocation.pipeline.step.Phase3StepTests$Step3fTests" time="0.012" tests="3" errors="0" skipped="0" failures="0">
  <properties>
[...]
</properties>
  <testcase name="execute_withIncorrectPositions_shouldAddError" classname="nl.engie.allocation.pipeline.step.Phase3StepTests$Step3fTests" time="0.004">
    <system-out><![CDATA[2026-03-12T08:56:37.519+01:00  INFO 18456 --- [market-message-processor] [           main] n.e.a.p.step.Step3fVolgordelijkheid      : [3F] Controle op volgordelijkheid uitgevoerd
]]></system-out>
  </testcase>
  <testcase name="execute_withCorrectPositions_shouldNotAddErrors" classname="nl.engie.allocation.pipeline.step.Phase3StepTests$Step3fTests" time="0.004">
    <system-out><![CDATA[2026-03-12T08:56:37.523+01:00  INFO 18456 --- [market-message-processor] [           main] n.e.a.p.step.Step3fVolgordelijkheid      : [3F] Controle op volgordelijkheid uitgevoerd
]]></system-out>
  </testcase>
  <testcase name="stepCode_shouldBeStep3F" classname="nl.engie.allocation.pipeline.step.Phase3StepTests$Step3fTests" time="0.001"/>
</testsuite>